Flow report for DE0_Nano
Thu Mar 14 15:26:30 2013
Quartus II 32-bit Version 12.1 Build 243 01/31/2013 Service Pack 1 SJ Web Edition


---------------------
; Table of Contents ;
---------------------
  1. Legal Notice
  2. Flow Summary
  3. Flow Settings
  4. Flow Non-Default Global Settings
  5. Flow Elapsed Time
  6. Flow OS Summary
  7. Flow Log



----------------
; Legal Notice ;
----------------
Copyright (C) 1991-2012 Altera Corporation
Your use of Altera Corporation's design tools, logic functions 
and other software and tools, and its AMPP partner logic 
functions, and any output files from any of the foregoing 
(including device programming or simulation files), and any 
associated documentation or information are expressly subject 
to the terms and conditions of the Altera Program License 
Subscription Agreement, Altera MegaCore Function License 
Agreement, or other applicable license agreement, including, 
without limitation, that your use is for the sole purpose of 
programming logic devices manufactured by Altera and sold by 
Altera or its authorized distributors.  Please refer to the 
applicable agreement for further details.



+------------------------------------------------------------------------------------+
; Flow Summary                                                                       ;
+------------------------------------+-----------------------------------------------+
; Flow Status                        ; Successful - Thu Mar 14 15:26:03 2013         ;
; Quartus II 32-bit Version          ; 12.1 Build 243 01/31/2013 SP 1 SJ Web Edition ;
; Revision Name                      ; DE0_Nano                                      ;
; Top-level Entity Name              ; toplevel                                      ;
; Family                             ; Cyclone IV E                                  ;
; Device                             ; EP4CE22F17C6                                  ;
; Timing Models                      ; Final                                         ;
; Total logic elements               ; 8,341 / 22,320 ( 37 % )                       ;
;     Total combinational functions  ; 6,315 / 22,320 ( 28 % )                       ;
;     Dedicated logic registers      ; 5,792 / 22,320 ( 26 % )                       ;
; Total registers                    ; 5861                                          ;
; Total pins                         ; 152 / 154 ( 99 % )                            ;
; Total virtual pins                 ; 0                                             ;
; Total memory bits                  ; 37,168 / 608,256 ( 6 % )                      ;
; Embedded Multiplier 9-bit elements ; 4 / 132 ( 3 % )                               ;
; Total PLLs                         ; 1 / 4 ( 25 % )                                ;
+------------------------------------+-----------------------------------------------+


+-----------------------------------------+
; Flow Settings                           ;
+-------------------+---------------------+
; Option            ; Setting             ;
+-------------------+---------------------+
; Start date & time ; 03/14/2013 15:20:55 ;
; Main task         ; Compilation         ;
; Revision Name     ; DE0_Nano            ;
+-------------------+---------------------+


+-----------------------------------------------------------------------------------------------------------------------------------------------------------------------+
; Flow Non-Default Global Settings                                                                                                                                      ;
+-------------------------------------+---------------------------------------------------------+---------------+------------------------------------------+------------+
; Assignment Name                     ; Value                                                   ; Default Value ; Entity Name                              ; Section Id ;
+-------------------------------------+---------------------------------------------------------+---------------+------------------------------------------+------------+
; COMPILER_SIGNATURE_ID               ; 622597796604.136324205502632                            ; --            ; --                                       ; --         ;
; IGNORE_PARTITIONS                   ; On                                                      ; Off           ; --                                       ; --         ;
; IP_TOOL_ENV                         ; qsys                                                    ; --            ; ROBOT                                    ; --         ;
; IP_TOOL_ENV                         ; qsys                                                    ; --            ; ROBOT_addr_router                        ; --         ;
; IP_TOOL_ENV                         ; qsys                                                    ; --            ; ROBOT_addr_router_001                    ; --         ;
; IP_TOOL_ENV                         ; qsys                                                    ; --            ; ROBOT_addr_router_002                    ; --         ;
; IP_TOOL_ENV                         ; qsys                                                    ; --            ; ROBOT_addr_router_003                    ; --         ;
; IP_TOOL_ENV                         ; qsys                                                    ; --            ; ROBOT_altpll_sys                         ; --         ;
; IP_TOOL_ENV                         ; qsys                                                    ; --            ; ROBOT_cmd_xbar_demux                     ; --         ;
; IP_TOOL_ENV                         ; qsys                                                    ; --            ; ROBOT_cmd_xbar_demux_001                 ; --         ;
; IP_TOOL_ENV                         ; qsys                                                    ; --            ; ROBOT_cmd_xbar_demux_002                 ; --         ;
; IP_TOOL_ENV                         ; qsys                                                    ; --            ; ROBOT_cmd_xbar_demux_003                 ; --         ;
; IP_TOOL_ENV                         ; qsys                                                    ; --            ; ROBOT_cmd_xbar_mux                       ; --         ;
; IP_TOOL_ENV                         ; qsys                                                    ; --            ; ROBOT_cpu                                ; --         ;
; IP_TOOL_ENV                         ; qsys                                                    ; --            ; ROBOT_epcs                               ; --         ;
; IP_TOOL_ENV                         ; qsys                                                    ; --            ; ROBOT_g_sensor_int                       ; --         ;
; IP_TOOL_ENV                         ; qsys                                                    ; --            ; ROBOT_i2c_scl                            ; --         ;
; IP_TOOL_ENV                         ; qsys                                                    ; --            ; ROBOT_i2c_sda                            ; --         ;
; IP_TOOL_ENV                         ; qsys                                                    ; --            ; ROBOT_id_router                          ; --         ;
; IP_TOOL_ENV                         ; qsys                                                    ; --            ; ROBOT_id_router_001                      ; --         ;
; IP_TOOL_ENV                         ; qsys                                                    ; --            ; ROBOT_id_router_002                      ; --         ;
; IP_TOOL_ENV                         ; qsys                                                    ; --            ; ROBOT_id_router_007                      ; --         ;
; IP_TOOL_ENV                         ; qsys                                                    ; --            ; ROBOT_id_router_015                      ; --         ;
; IP_TOOL_ENV                         ; qsys                                                    ; --            ; ROBOT_id_router_022                      ; --         ;
; IP_TOOL_ENV                         ; qsys                                                    ; --            ; ROBOT_irq_mapper                         ; --         ;
; IP_TOOL_ENV                         ; qsys                                                    ; --            ; ROBOT_jtag_uart                          ; --         ;
; IP_TOOL_ENV                         ; qsys                                                    ; --            ; ROBOT_key                                ; --         ;
; IP_TOOL_ENV                         ; qsys                                                    ; --            ; ROBOT_led                                ; --         ;
; IP_TOOL_ENV                         ; qsys                                                    ; --            ; ROBOT_rsp_xbar_demux                     ; --         ;
; IP_TOOL_ENV                         ; qsys                                                    ; --            ; ROBOT_rsp_xbar_demux_002                 ; --         ;
; IP_TOOL_ENV                         ; qsys                                                    ; --            ; ROBOT_rsp_xbar_demux_015                 ; --         ;
; IP_TOOL_ENV                         ; qsys                                                    ; --            ; ROBOT_rsp_xbar_demux_022                 ; --         ;
; IP_TOOL_ENV                         ; qsys                                                    ; --            ; ROBOT_rsp_xbar_mux                       ; --         ;
; IP_TOOL_ENV                         ; qsys                                                    ; --            ; ROBOT_rsp_xbar_mux_001                   ; --         ;
; IP_TOOL_ENV                         ; qsys                                                    ; --            ; ROBOT_rsp_xbar_mux_002                   ; --         ;
; IP_TOOL_ENV                         ; qsys                                                    ; --            ; ROBOT_rsp_xbar_mux_003                   ; --         ;
; IP_TOOL_ENV                         ; qsys                                                    ; --            ; ROBOT_sdram                              ; --         ;
; IP_TOOL_ENV                         ; qsys                                                    ; --            ; ROBOT_select_i2c_clk                     ; --         ;
; IP_TOOL_ENV                         ; qsys                                                    ; --            ; ROBOT_sw                                 ; --         ;
; IP_TOOL_ENV                         ; qsys                                                    ; --            ; ROBOT_sysid                              ; --         ;
; IP_TOOL_ENV                         ; qsys                                                    ; --            ; ROBOT_timer                              ; --         ;
; IP_TOOL_ENV                         ; qsys                                                    ; --            ; altera_avalon_mm_clock_crossing_bridge   ; --         ;
; IP_TOOL_ENV                         ; qsys                                                    ; --            ; altera_avalon_sc_fifo                    ; --         ;
; IP_TOOL_ENV                         ; qsys                                                    ; --            ; altera_avalon_st_handshake_clock_crosser ; --         ;
; IP_TOOL_ENV                         ; qsys                                                    ; --            ; altera_irq_clock_crosser                 ; --         ;
; IP_TOOL_ENV                         ; qsys                                                    ; --            ; altera_merlin_burst_adapter              ; --         ;
; IP_TOOL_ENV                         ; qsys                                                    ; --            ; altera_merlin_master_agent               ; --         ;
; IP_TOOL_ENV                         ; qsys                                                    ; --            ; altera_merlin_master_translator          ; --         ;
; IP_TOOL_ENV                         ; qsys                                                    ; --            ; altera_merlin_slave_agent                ; --         ;
; IP_TOOL_ENV                         ; qsys                                                    ; --            ; altera_merlin_slave_translator           ; --         ;
; IP_TOOL_ENV                         ; qsys                                                    ; --            ; altera_merlin_traffic_limiter            ; --         ;
; IP_TOOL_ENV                         ; qsys                                                    ; --            ; altera_merlin_width_adapter              ; --         ;
; IP_TOOL_ENV                         ; qsys                                                    ; --            ; altera_reset_controller                  ; --         ;
; IP_TOOL_NAME                        ; qsys                                                    ; --            ; ROBOT                                    ; --         ;
; IP_TOOL_NAME                        ; altera_merlin_router                                    ; --            ; ROBOT_addr_router                        ; --         ;
; IP_TOOL_NAME                        ; altera_merlin_router                                    ; --            ; ROBOT_addr_router_001                    ; --         ;
; IP_TOOL_NAME                        ; altera_merlin_router                                    ; --            ; ROBOT_addr_router_002                    ; --         ;
; IP_TOOL_NAME                        ; altera_merlin_router                                    ; --            ; ROBOT_addr_router_003                    ; --         ;
; IP_TOOL_NAME                        ; altpll                                                  ; --            ; ROBOT_altpll_sys                         ; --         ;
; IP_TOOL_NAME                        ; altera_merlin_demultiplexer                             ; --            ; ROBOT_cmd_xbar_demux                     ; --         ;
; IP_TOOL_NAME                        ; altera_merlin_demultiplexer                             ; --            ; ROBOT_cmd_xbar_demux_001                 ; --         ;
; IP_TOOL_NAME                        ; altera_merlin_demultiplexer                             ; --            ; ROBOT_cmd_xbar_demux_002                 ; --         ;
; IP_TOOL_NAME                        ; altera_merlin_demultiplexer                             ; --            ; ROBOT_cmd_xbar_demux_003                 ; --         ;
; IP_TOOL_NAME                        ; altera_merlin_multiplexer                               ; --            ; ROBOT_cmd_xbar_mux                       ; --         ;
; IP_TOOL_NAME                        ; altera_nios2_qsys                                       ; --            ; ROBOT_cpu                                ; --         ;
; IP_TOOL_NAME                        ; altera_avalon_epcs_flash_controller                     ; --            ; ROBOT_epcs                               ; --         ;
; IP_TOOL_NAME                        ; altera_avalon_pio                                       ; --            ; ROBOT_g_sensor_int                       ; --         ;
; IP_TOOL_NAME                        ; altera_avalon_pio                                       ; --            ; ROBOT_i2c_scl                            ; --         ;
; IP_TOOL_NAME                        ; altera_avalon_pio                                       ; --            ; ROBOT_i2c_sda                            ; --         ;
; IP_TOOL_NAME                        ; altera_merlin_router                                    ; --            ; ROBOT_id_router                          ; --         ;
; IP_TOOL_NAME                        ; altera_merlin_router                                    ; --            ; ROBOT_id_router_001                      ; --         ;
; IP_TOOL_NAME                        ; altera_merlin_router                                    ; --            ; ROBOT_id_router_002                      ; --         ;
; IP_TOOL_NAME                        ; altera_merlin_router                                    ; --            ; ROBOT_id_router_007                      ; --         ;
; IP_TOOL_NAME                        ; altera_merlin_router                                    ; --            ; ROBOT_id_router_015                      ; --         ;
; IP_TOOL_NAME                        ; altera_merlin_router                                    ; --            ; ROBOT_id_router_022                      ; --         ;
; IP_TOOL_NAME                        ; altera_irq_mapper                                       ; --            ; ROBOT_irq_mapper                         ; --         ;
; IP_TOOL_NAME                        ; altera_avalon_jtag_uart                                 ; --            ; ROBOT_jtag_uart                          ; --         ;
; IP_TOOL_NAME                        ; altera_avalon_pio                                       ; --            ; ROBOT_key                                ; --         ;
; IP_TOOL_NAME                        ; altera_avalon_pio                                       ; --            ; ROBOT_led                                ; --         ;
; IP_TOOL_NAME                        ; altera_merlin_demultiplexer                             ; --            ; ROBOT_rsp_xbar_demux                     ; --         ;
; IP_TOOL_NAME                        ; altera_merlin_demultiplexer                             ; --            ; ROBOT_rsp_xbar_demux_002                 ; --         ;
; IP_TOOL_NAME                        ; altera_merlin_demultiplexer                             ; --            ; ROBOT_rsp_xbar_demux_015                 ; --         ;
; IP_TOOL_NAME                        ; altera_merlin_demultiplexer                             ; --            ; ROBOT_rsp_xbar_demux_022                 ; --         ;
; IP_TOOL_NAME                        ; altera_merlin_multiplexer                               ; --            ; ROBOT_rsp_xbar_mux                       ; --         ;
; IP_TOOL_NAME                        ; altera_merlin_multiplexer                               ; --            ; ROBOT_rsp_xbar_mux_001                   ; --         ;
; IP_TOOL_NAME                        ; altera_merlin_multiplexer                               ; --            ; ROBOT_rsp_xbar_mux_002                   ; --         ;
; IP_TOOL_NAME                        ; altera_merlin_multiplexer                               ; --            ; ROBOT_rsp_xbar_mux_003                   ; --         ;
; IP_TOOL_NAME                        ; altera_avalon_new_sdram_controller                      ; --            ; ROBOT_sdram                              ; --         ;
; IP_TOOL_NAME                        ; altera_avalon_pio                                       ; --            ; ROBOT_select_i2c_clk                     ; --         ;
; IP_TOOL_NAME                        ; altera_avalon_pio                                       ; --            ; ROBOT_sw                                 ; --         ;
; IP_TOOL_NAME                        ; altera_avalon_sysid_qsys                                ; --            ; ROBOT_sysid                              ; --         ;
; IP_TOOL_NAME                        ; altera_avalon_timer                                     ; --            ; ROBOT_timer                              ; --         ;
; IP_TOOL_NAME                        ; altera_avalon_mm_clock_crossing_bridge                  ; --            ; altera_avalon_mm_clock_crossing_bridge   ; --         ;
; IP_TOOL_NAME                        ; altera_avalon_sc_fifo                                   ; --            ; altera_avalon_sc_fifo                    ; --         ;
; IP_TOOL_NAME                        ; altera_avalon_st_handshake_clock_crosser                ; --            ; altera_avalon_st_handshake_clock_crosser ; --         ;
; IP_TOOL_NAME                        ; altera_irq_clock_crosser                                ; --            ; altera_irq_clock_crosser                 ; --         ;
; IP_TOOL_NAME                        ; altera_merlin_burst_adapter                             ; --            ; altera_merlin_burst_adapter              ; --         ;
; IP_TOOL_NAME                        ; altera_merlin_master_agent                              ; --            ; altera_merlin_master_agent               ; --         ;
; IP_TOOL_NAME                        ; altera_merlin_master_translator                         ; --            ; altera_merlin_master_translator          ; --         ;
; IP_TOOL_NAME                        ; altera_merlin_slave_agent                               ; --            ; altera_merlin_slave_agent                ; --         ;
; IP_TOOL_NAME                        ; altera_merlin_slave_translator                          ; --            ; altera_merlin_slave_translator           ; --         ;
; IP_TOOL_NAME                        ; altera_merlin_traffic_limiter                           ; --            ; altera_merlin_traffic_limiter            ; --         ;
; IP_TOOL_NAME                        ; altera_merlin_width_adapter                             ; --            ; altera_merlin_width_adapter              ; --         ;
; IP_TOOL_NAME                        ; altera_reset_controller                                 ; --            ; altera_reset_controller                  ; --         ;
; IP_TOOL_VERSION                     ; 12.1sp1                                                 ; --            ; ROBOT                                    ; --         ;
; IP_TOOL_VERSION                     ; 12.1                                                    ; --            ; ROBOT_addr_router                        ; --         ;
; IP_TOOL_VERSION                     ; 12.1                                                    ; --            ; ROBOT_addr_router_001                    ; --         ;
; IP_TOOL_VERSION                     ; 12.1                                                    ; --            ; ROBOT_addr_router_002                    ; --         ;
; IP_TOOL_VERSION                     ; 12.1                                                    ; --            ; ROBOT_addr_router_003                    ; --         ;
; IP_TOOL_VERSION                     ; 12.1                                                    ; --            ; ROBOT_altpll_sys                         ; --         ;
; IP_TOOL_VERSION                     ; 12.1                                                    ; --            ; ROBOT_cmd_xbar_demux                     ; --         ;
; IP_TOOL_VERSION                     ; 12.1                                                    ; --            ; ROBOT_cmd_xbar_demux_001                 ; --         ;
; IP_TOOL_VERSION                     ; 12.1                                                    ; --            ; ROBOT_cmd_xbar_demux_002                 ; --         ;
; IP_TOOL_VERSION                     ; 12.1                                                    ; --            ; ROBOT_cmd_xbar_demux_003                 ; --         ;
; IP_TOOL_VERSION                     ; 12.1                                                    ; --            ; ROBOT_cmd_xbar_mux                       ; --         ;
; IP_TOOL_VERSION                     ; 12.1                                                    ; --            ; ROBOT_cpu                                ; --         ;
; IP_TOOL_VERSION                     ; 12.1                                                    ; --            ; ROBOT_epcs                               ; --         ;
; IP_TOOL_VERSION                     ; 12.1                                                    ; --            ; ROBOT_g_sensor_int                       ; --         ;
; IP_TOOL_VERSION                     ; 12.1                                                    ; --            ; ROBOT_i2c_scl                            ; --         ;
; IP_TOOL_VERSION                     ; 12.1                                                    ; --            ; ROBOT_i2c_sda                            ; --         ;
; IP_TOOL_VERSION                     ; 12.1                                                    ; --            ; ROBOT_id_router                          ; --         ;
; IP_TOOL_VERSION                     ; 12.1                                                    ; --            ; ROBOT_id_router_001                      ; --         ;
; IP_TOOL_VERSION                     ; 12.1                                                    ; --            ; ROBOT_id_router_002                      ; --         ;
; IP_TOOL_VERSION                     ; 12.1                                                    ; --            ; ROBOT_id_router_007                      ; --         ;
; IP_TOOL_VERSION                     ; 12.1                                                    ; --            ; ROBOT_id_router_015                      ; --         ;
; IP_TOOL_VERSION                     ; 12.1                                                    ; --            ; ROBOT_id_router_022                      ; --         ;
; IP_TOOL_VERSION                     ; 12.1                                                    ; --            ; ROBOT_irq_mapper                         ; --         ;
; IP_TOOL_VERSION                     ; 12.1                                                    ; --            ; ROBOT_jtag_uart                          ; --         ;
; IP_TOOL_VERSION                     ; 12.1                                                    ; --            ; ROBOT_key                                ; --         ;
; IP_TOOL_VERSION                     ; 12.1                                                    ; --            ; ROBOT_led                                ; --         ;
; IP_TOOL_VERSION                     ; 12.1                                                    ; --            ; ROBOT_rsp_xbar_demux                     ; --         ;
; IP_TOOL_VERSION                     ; 12.1                                                    ; --            ; ROBOT_rsp_xbar_demux_002                 ; --         ;
; IP_TOOL_VERSION                     ; 12.1                                                    ; --            ; ROBOT_rsp_xbar_demux_015                 ; --         ;
; IP_TOOL_VERSION                     ; 12.1                                                    ; --            ; ROBOT_rsp_xbar_demux_022                 ; --         ;
; IP_TOOL_VERSION                     ; 12.1                                                    ; --            ; ROBOT_rsp_xbar_mux                       ; --         ;
; IP_TOOL_VERSION                     ; 12.1                                                    ; --            ; ROBOT_rsp_xbar_mux_001                   ; --         ;
; IP_TOOL_VERSION                     ; 12.1                                                    ; --            ; ROBOT_rsp_xbar_mux_002                   ; --         ;
; IP_TOOL_VERSION                     ; 12.1                                                    ; --            ; ROBOT_rsp_xbar_mux_003                   ; --         ;
; IP_TOOL_VERSION                     ; 12.1                                                    ; --            ; ROBOT_sdram                              ; --         ;
; IP_TOOL_VERSION                     ; 12.1                                                    ; --            ; ROBOT_select_i2c_clk                     ; --         ;
; IP_TOOL_VERSION                     ; 12.1                                                    ; --            ; ROBOT_sw                                 ; --         ;
; IP_TOOL_VERSION                     ; 12.1                                                    ; --            ; ROBOT_sysid                              ; --         ;
; IP_TOOL_VERSION                     ; 12.1                                                    ; --            ; ROBOT_timer                              ; --         ;
; IP_TOOL_VERSION                     ; 12.1                                                    ; --            ; altera_avalon_mm_clock_crossing_bridge   ; --         ;
; IP_TOOL_VERSION                     ; 12.1                                                    ; --            ; altera_avalon_sc_fifo                    ; --         ;
; IP_TOOL_VERSION                     ; 12.1                                                    ; --            ; altera_avalon_st_handshake_clock_crosser ; --         ;
; IP_TOOL_VERSION                     ; 12.1                                                    ; --            ; altera_irq_clock_crosser                 ; --         ;
; IP_TOOL_VERSION                     ; 12.1                                                    ; --            ; altera_merlin_burst_adapter              ; --         ;
; IP_TOOL_VERSION                     ; 12.1                                                    ; --            ; altera_merlin_master_agent               ; --         ;
; IP_TOOL_VERSION                     ; 12.1                                                    ; --            ; altera_merlin_master_translator          ; --         ;
; IP_TOOL_VERSION                     ; 12.1                                                    ; --            ; altera_merlin_slave_agent                ; --         ;
; IP_TOOL_VERSION                     ; 12.1                                                    ; --            ; altera_merlin_slave_translator           ; --         ;
; IP_TOOL_VERSION                     ; 12.1                                                    ; --            ; altera_merlin_traffic_limiter            ; --         ;
; IP_TOOL_VERSION                     ; 12.1                                                    ; --            ; altera_merlin_width_adapter              ; --         ;
; IP_TOOL_VERSION                     ; 12.1                                                    ; --            ; altera_reset_controller                  ; --         ;
; MAX_CORE_JUNCTION_TEMP              ; 85                                                      ; --            ; --                                       ; --         ;
; MIN_CORE_JUNCTION_TEMP              ; 0                                                       ; --            ; --                                       ; --         ;
; MISC_FILE                           ; ROBOT/synthesis/../../ROBOT.cmp                         ; --            ; --                                       ; --         ;
; MISC_FILE                           ; ROBOT/synthesis/../../ROBOT.qsys                        ; --            ; --                                       ; --         ;
; OUTPUT_IO_TIMING_FAR_END_VMEAS      ; Half Signal Swing                                       ; --            ; --                                       ; --         ;
; OUTPUT_IO_TIMING_FAR_END_VMEAS      ; Half Signal Swing                                       ; --            ; --                                       ; --         ;
; OUTPUT_IO_TIMING_NEAR_END_VMEAS     ; Half Vccio                                              ; --            ; --                                       ; --         ;
; OUTPUT_IO_TIMING_NEAR_END_VMEAS     ; Half Vccio                                              ; --            ; --                                       ; --         ;
; PARTITION_COLOR                     ; 16764057                                                ; --            ; toplevel                                 ; Top        ;
; PARTITION_FITTER_PRESERVATION_LEVEL ; PLACEMENT_AND_ROUTING                                   ; --            ; toplevel                                 ; Top        ;
; PARTITION_NETLIST_TYPE              ; SOURCE                                                  ; --            ; toplevel                                 ; Top        ;
; POWER_BOARD_THERMAL_MODEL           ; None (CONSERVATIVE)                                     ; --            ; --                                       ; --         ;
; POWER_PRESET_COOLING_SOLUTION       ; 23 MM HEAT SINK WITH 200 LFPM AIRFLOW                   ; --            ; --                                       ; --         ;
; SLD_INFO                            ; QSYS_NAME ROBOT HAS_SOPCINFO 1 GENERATION_ID 1363241552 ; --            ; ROBOT                                    ; --         ;
; SOPCINFO_FILE                       ; ROBOT/synthesis/../../ROBOT.sopcinfo                    ; --            ; --                                       ; --         ;
; SYNTHESIS_ONLY_QIP                  ; On                                                      ; --            ; --                                       ; --         ;
; TOP_LEVEL_ENTITY                    ; toplevel                                                ; DE0_Nano      ; --                                       ; --         ;
+-------------------------------------+---------------------------------------------------------+---------------+------------------------------------------+------------+


+-------------------------------------------------------------------------------------------------------------------------------+
; Flow Elapsed Time                                                                                                             ;
+---------------------------+--------------+-------------------------+---------------------+------------------------------------+
; Module Name               ; Elapsed Time ; Average Processors Used ; Peak Virtual Memory ; Total CPU Time (on all processors) ;
+---------------------------+--------------+-------------------------+---------------------+------------------------------------+
; Analysis & Synthesis      ; 00:01:57     ; 1.0                     ; 561 MB              ; 00:01:41                           ;
; Fitter                    ; 00:02:45     ; 1.0                     ; 573 MB              ; 00:02:40                           ;
; Assembler                 ; 00:00:07     ; 1.0                     ; 364 MB              ; 00:00:07                           ;
; TimeQuest Timing Analyzer ; 00:00:24     ; 1.0                     ; 459 MB              ; 00:00:20                           ;
; Total                     ; 00:05:13     ; --                      ; --                  ; 00:04:48                           ;
+---------------------------+--------------+-------------------------+---------------------+------------------------------------+


+----------------------------------------------------------------------------------------+
; Flow OS Summary                                                                        ;
+---------------------------+------------------+-----------+------------+----------------+
; Module Name               ; Machine Hostname ; OS Name   ; OS Version ; Processor type ;
+---------------------------+------------------+-----------+------------+----------------+
; Analysis & Synthesis      ; Peter-PC         ; Windows 7 ; 6.1        ; x86_64         ;
; Fitter                    ; Peter-PC         ; Windows 7 ; 6.1        ; x86_64         ;
; Assembler                 ; Peter-PC         ; Windows 7 ; 6.1        ; x86_64         ;
; TimeQuest Timing Analyzer ; Peter-PC         ; Windows 7 ; 6.1        ; x86_64         ;
+---------------------------+------------------+-----------+------------+----------------+


------------
; Flow Log ;
------------
quartus_map --read_settings_files=on --write_settings_files=off DE0_Nano -c DE0_Nano
quartus_fit --read_settings_files=off --write_settings_files=off DE0_Nano -c DE0_Nano
quartus_asm --read_settings_files=off --write_settings_files=off DE0_Nano -c DE0_Nano
quartus_sta DE0_Nano -c DE0_Nano



