Info: Starting: Create block symbol file (.bsf)
Info: ip-generate --project-directory=C:/Users/Peter/Desktop/DE0/Demonstration/DE0_Nano_SOPC_DEMO/ --output-directory=C:/Users/Peter/Desktop/DE0/Demonstration/DE0_Nano_SOPC_DEMO/ROVER/ --report-file=bsf:C:/Users/Peter/Desktop/DE0/Demonstration/DE0_Nano_SOPC_DEMO/ROVER.bsf --system-info=DEVICE_FAMILY="Cyclone IV E" --system-info=DEVICE=EP4CE22F17C6 --system-info=DEVICE_SPEEDGRADE=6 --component-file=C:/Users/Peter/Desktop/DE0/Demonstration/DE0_Nano_SOPC_DEMO/ROVER.qsys
Progress: Loading DE0_Nano_SOPC_DEMO/ROVER.qsys
Progress: Reading input file
Progress: Adding clk_50 [clock_source 12.1]
Progress: Parameterizing module clk_50
Progress: Adding timer [altera_avalon_timer 12.1]
Progress: Parameterizing module timer
Progress: Adding key [altera_avalon_pio 12.1]
Progress: Parameterizing module key
Progress: Adding sw [altera_avalon_pio 12.1]
Progress: Parameterizing module sw
Progress: Adding led [altera_avalon_pio 12.1]
Progress: Parameterizing module led
Progress: Adding i2c_scl [altera_avalon_pio 12.1]
Progress: Parameterizing module i2c_scl
Progress: Adding i2c_sda [altera_avalon_pio 12.1]
Progress: Parameterizing module i2c_sda
Progress: Adding sdram [altera_avalon_new_sdram_controller 12.1]
Progress: Parameterizing module sdram
Progress: Adding altpll_sys [altpll 12.1]
Progress: Parameterizing module altpll_sys
Progress: Adding g_sensor_int [altera_avalon_pio 12.1]
Progress: Parameterizing module g_sensor_int
Progress: Adding epcs [altera_avalon_epcs_flash_controller 12.1]
Progress: Parameterizing module epcs
Progress: Adding jtag_uart [altera_avalon_jtag_uart 12.1]
Progress: Parameterizing module jtag_uart
Progress: Adding adc_spi_read [TERASIC_ADC_READ 1.0]
Progress: Parameterizing module adc_spi_read
Progress: Adding select_i2c_clk [altera_avalon_pio 12.1]
Progress: Parameterizing module select_i2c_clk
Progress: Adding clock_crossing_io [altera_avalon_mm_clock_crossing_bridge 12.1]
Progress: Parameterizing module clock_crossing_io
Progress: Adding clock_crossing_io2 [altera_avalon_mm_clock_crossing_bridge 12.1]
Progress: Parameterizing module clock_crossing_io2
Progress: Adding cpu [altera_nios2_qsys 12.1]
Progress: Parameterizing module cpu
Progress: Adding sysid [altera_avalon_sysid_qsys 12.1]
Progress: Parameterizing module sysid
Progress: Adding c0 [altera_clock_bridge 12.1]
Progress: Parameterizing module c0
Progress: Adding c2 [altera_clock_bridge 12.1]
Progress: Parameterizing module c2
Progress: Adding c4 [altera_clock_bridge 12.1]
Progress: Parameterizing module c4
Progress: Adding compass [altera_up_avalon_parallel_port 12.0]
Progress: Parameterizing module compass
Progress: Building connections
Progress: Parameterizing connections
Progress: Validating
Progress: Done reading input file
Info: ROVER.key: PIO inputs are not hardwired in test bench. Undefined values will be read from PIO inputs during simulation.
Info: ROVER.sw: PIO inputs are not hardwired in test bench. Undefined values will be read from PIO inputs during simulation.
Info: ROVER.i2c_sda: PIO inputs are not hardwired in test bench. Undefined values will be read from PIO inputs during simulation.
Info: ROVER.g_sensor_int: PIO inputs are not hardwired in test bench. Undefined values will be read from PIO inputs during simulation.
Info: ROVER.cpu: CPUID control register value is 0. Please manually assign CPUID if creating multiple Nios II system
Info: ROVER.sysid: System ID is not assigned automatically. Edit the System ID parameter to provide a unique ID
Info: ROVER.sysid: Time stamp will be automatically updated when this component is generated.
Info: ip-generate succeeded.
Info: Finished: Create block symbol file (.bsf)
Info: 
Info: Starting: Create HDL design files for synthesis
Info: ip-generate --project-directory=C:/Users/Peter/Desktop/DE0/Demonstration/DE0_Nano_SOPC_DEMO/ --output-directory=C:/Users/Peter/Desktop/DE0/Demonstration/DE0_Nano_SOPC_DEMO/ROVER/synthesis/ --file-set=QUARTUS_SYNTH --report-file=sopcinfo:C:/Users/Peter/Desktop/DE0/Demonstration/DE0_Nano_SOPC_DEMO/ROVER.sopcinfo --report-file=html:C:/Users/Peter/Desktop/DE0/Demonstration/DE0_Nano_SOPC_DEMO/ROVER.html --report-file=qip:C:/Users/Peter/Desktop/DE0/Demonstration/DE0_Nano_SOPC_DEMO/ROVER/synthesis/ROVER.qip --report-file=cmp:C:/Users/Peter/Desktop/DE0/Demonstration/DE0_Nano_SOPC_DEMO/ROVER.cmp --system-info=DEVICE_FAMILY="Cyclone IV E" --system-info=DEVICE=EP4CE22F17C6 --system-info=DEVICE_SPEEDGRADE=6 --component-file=C:/Users/Peter/Desktop/DE0/Demonstration/DE0_Nano_SOPC_DEMO/ROVER.qsys
Progress: Loading DE0_Nano_SOPC_DEMO/ROVER.qsys
Progress: Reading input file
Progress: Adding clk_50 [clock_source 12.1]
Progress: Parameterizing module clk_50
Progress: Adding timer [altera_avalon_timer 12.1]
Progress: Parameterizing module timer
Progress: Adding key [altera_avalon_pio 12.1]
Progress: Parameterizing module key
Progress: Adding sw [altera_avalon_pio 12.1]
Progress: Parameterizing module sw
Progress: Adding led [altera_avalon_pio 12.1]
Progress: Parameterizing module led
Progress: Adding i2c_scl [altera_avalon_pio 12.1]
Progress: Parameterizing module i2c_scl
Progress: Adding i2c_sda [altera_avalon_pio 12.1]
Progress: Parameterizing module i2c_sda
Progress: Adding sdram [altera_avalon_new_sdram_controller 12.1]
Progress: Parameterizing module sdram
Progress: Adding altpll_sys [altpll 12.1]
Progress: Parameterizing module altpll_sys
Progress: Adding g_sensor_int [altera_avalon_pio 12.1]
Progress: Parameterizing module g_sensor_int
Progress: Adding epcs [altera_avalon_epcs_flash_controller 12.1]
Progress: Parameterizing module epcs
Progress: Adding jtag_uart [altera_avalon_jtag_uart 12.1]
Progress: Parameterizing module jtag_uart
Progress: Adding adc_spi_read [TERASIC_ADC_READ 1.0]
Progress: Parameterizing module adc_spi_read
Progress: Adding select_i2c_clk [altera_avalon_pio 12.1]
Progress: Parameterizing module select_i2c_clk
Progress: Adding clock_crossing_io [altera_avalon_mm_clock_crossing_bridge 12.1]
Progress: Parameterizing module clock_crossing_io
Progress: Adding clock_crossing_io2 [altera_avalon_mm_clock_crossing_bridge 12.1]
Progress: Parameterizing module clock_crossing_io2
Progress: Adding cpu [altera_nios2_qsys 12.1]
Progress: Parameterizing module cpu
Progress: Adding sysid [altera_avalon_sysid_qsys 12.1]
Progress: Parameterizing module sysid
Progress: Adding c0 [altera_clock_bridge 12.1]
Progress: Parameterizing module c0
Progress: Adding c2 [altera_clock_bridge 12.1]
Progress: Parameterizing module c2
Progress: Adding c4 [altera_clock_bridge 12.1]
Progress: Parameterizing module c4
Progress: Adding compass [altera_up_avalon_parallel_port 12.0]
Progress: Parameterizing module compass
Progress: Building connections
Progress: Parameterizing connections
Progress: Validating
Progress: Done reading input file
Info: ROVER.key: PIO inputs are not hardwired in test bench. Undefined values will be read from PIO inputs during simulation.
Info: ROVER.sw: PIO inputs are not hardwired in test bench. Undefined values will be read from PIO inputs during simulation.
Info: ROVER.i2c_sda: PIO inputs are not hardwired in test bench. Undefined values will be read from PIO inputs during simulation.
Info: ROVER.g_sensor_int: PIO inputs are not hardwired in test bench. Undefined values will be read from PIO inputs during simulation.
Info: ROVER.cpu: CPUID control register value is 0. Please manually assign CPUID if creating multiple Nios II system
Info: ROVER.sysid: System ID is not assigned automatically. Edit the System ID parameter to provide a unique ID
Info: ROVER.sysid: Time stamp will be automatically updated when this component is generated.
Info: ROVER: Generating ROVER "ROVER" for QUARTUS_SYNTH
Info: pipeline_bridge_swap_transform: After transform: 22 modules, 89 connections
Info: No custom instruction connections, skipping transform 
Info: merlin_translator_transform: After transform: 44 modules, 177 connections
Info: merlin_domain_transform: After transform: 89 modules, 471 connections
Info: merlin_router_transform: After transform: 111 modules, 559 connections
Info: merlin_traffic_limiter_transform: After transform: 115 modules, 579 connections
Info: merlin_burst_transform: After transform: 116 modules, 583 connections
Info: reset_adaptation_transform: After transform: 120 modules, 462 connections
Info: merlin_network_to_switch_transform: After transform: 161 modules, 546 connections
Info: merlin_width_transform: After transform: 163 modules, 552 connections
Info: Inserting clock-crossing logic between cmd_xbar_demux_001.src2 and cmd_xbar_mux_002.sink0
Info: Inserting clock-crossing logic between cmd_xbar_demux_001.src4 and cmd_xbar_mux_004.sink0
Info: Inserting clock-crossing logic between rsp_xbar_demux_002.src0 and rsp_xbar_mux_001.sink2
Info: Inserting clock-crossing logic between rsp_xbar_demux_004.src0 and rsp_xbar_mux_001.sink4
Info: com_altera_sopcmodel_transforms_avalon_ClockCrossingTransform: After transform: 167 modules, 572 connections
Info: limiter_update_transform: After transform: 167 modules, 576 connections
Info: merlin_interrupt_mapper_transform: After transform: 168 modules, 579 connections
Info: merlin_interrupt_sync_transform: After transform: 173 modules, 604 connections
Warning: ROVER: "No matching role found for epcs:epcs_control_port:endofpacket (endofpacket)"
Warning: ROVER: "No matching role found for epcs:epcs_control_port:dataavailable (dataavailable)"
Warning: ROVER: "No matching role found for epcs:epcs_control_port:readyfordata (readyfordata)"
Info: Starting classic module elaboration.
"c:/altera/12.1sp1/quartus/bin/jre/bin/java.exe" -Xmx512M -classpath "c:/altera/12.1sp1/quartus/sopc_builder/bin/sopc_builder.jar;c:/altera/12.1sp1/quartus/sopc_builder/bin/PinAssigner.jar;c:/altera/12.1sp1/quartus/sopc_builder/bin/sopc_wizard.jar;c:/altera/12.1sp1/quartus/sopc_builder/bin/jptf.jar" sopc_builder.sopc_builder  -d"c:/altera/12.1sp1/quartus/sopc_builder" -notalkback=1 -projectnameyysystem.qpf -projectpathC:/Users/Peter/AppData/Local/Temp/alt5764_2003377416387951840.dir/0044_sopclgen  --no_splash --refresh C:/Users/Peter/AppData/Local/Temp/alt5764_2003377416387951840.dir/0044_sopclgen/yysystem.v --quartus_dir="c:/altera/12.1sp1/quartus" --sopc_perl="c:/altera/12.1sp1/quartus/bin/perl" --sopc_lib_path="++c:/altera/12.1sp1/quartus/../ip/altera/sopc_builder_ip+c:/altera/12.1sp1/quartus/../ip/altera/nios2_ip"
Info: Finished elaborating classic module.
Executing: C:/altera/12.1sp1/quartus//sopc_builder/bin/sopc_builder --classic --generate C:/Users/Peter/AppData/Local/Temp/alt5764_2003377416387951840.dir/0044_sopclgen/yysystem.ptf
Info: Running sopc_builder...
"c:/altera/12.1sp1/quartus/bin/jre/bin/java.exe" -Xmx512M -classpath "c:/altera/12.1sp1/quartus/sopc_builder/bin/sopc_builder.jar;c:/altera/12.1sp1/quartus/sopc_builder/bin/PinAssigner.jar;c:/altera/12.1sp1/quartus/sopc_builder/bin/sopc_wizard.jar;c:/altera/12.1sp1/quartus/sopc_builder/bin/jptf.jar" sopc_builder.sopc_builder  -d"c:/altera/12.1sp1/quartus/sopc_builder" -notalkback=1 -projectnameyysystem.qpf -projectpathC:/Users/Peter/AppData/Local/Temp/alt5764_2003377416387951840.dir/0044_sopclgen  --generate C:/Users/Peter/AppData/Local/Temp/alt5764_2003377416387951840.dir/0044_sopclgen/yysystem.v --quartus_dir="c:/altera/12.1sp1/quartus" --sopc_perl="c:/altera/12.1sp1/quartus/bin/perl" --sopc_lib_path="++c:/altera/12.1sp1/quartus/../ip/altera/sopc_builder_ip+c:/altera/12.1sp1/quartus/../ip/altera/nios2_ip"
No .sopc_builder configuration file(!)
.
# 2013.02.28 16:10:34 (*) Success: sopc_builder finished.
Info: timer: "ROVER" instantiated altera_avalon_timer "timer"
Info: Starting classic module elaboration.
"c:/altera/12.1sp1/quartus/bin/jre/bin/java.exe" -Xmx512M -classpath "c:/altera/12.1sp1/quartus/sopc_builder/bin/sopc_builder.jar;c:/altera/12.1sp1/quartus/sopc_builder/bin/PinAssigner.jar;c:/altera/12.1sp1/quartus/sopc_builder/bin/sopc_wizard.jar;c:/altera/12.1sp1/quartus/sopc_builder/bin/jptf.jar" sopc_builder.sopc_builder  -d"c:/altera/12.1sp1/quartus/sopc_builder" -notalkback=1 -projectnameyysystem.qpf -projectpathC:/Users/Peter/AppData/Local/Temp/alt5764_2003377416387951840.dir/0045_sopclgen  --no_splash --refresh C:/Users/Peter/AppData/Local/Temp/alt5764_2003377416387951840.dir/0045_sopclgen/yysystem.v --quartus_dir="c:/altera/12.1sp1/quartus" --sopc_perl="c:/altera/12.1sp1/quartus/bin/perl" --sopc_lib_path="++c:/altera/12.1sp1/quartus/../ip/altera/sopc_builder_ip+c:/altera/12.1sp1/quartus/../ip/altera/nios2_ip"
Info: Finished elaborating classic module.
Executing: C:/altera/12.1sp1/quartus//sopc_builder/bin/sopc_builder --classic --generate C:/Users/Peter/AppData/Local/Temp/alt5764_2003377416387951840.dir/0045_sopclgen/yysystem.ptf
Info: Running sopc_builder...
"c:/altera/12.1sp1/quartus/bin/jre/bin/java.exe" -Xmx512M -classpath "c:/altera/12.1sp1/quartus/sopc_builder/bin/sopc_builder.jar;c:/altera/12.1sp1/quartus/sopc_builder/bin/PinAssigner.jar;c:/altera/12.1sp1/quartus/sopc_builder/bin/sopc_wizard.jar;c:/altera/12.1sp1/quartus/sopc_builder/bin/jptf.jar" sopc_builder.sopc_builder  -d"c:/altera/12.1sp1/quartus/sopc_builder" -notalkback=1 -projectnameyysystem.qpf -projectpathC:/Users/Peter/AppData/Local/Temp/alt5764_2003377416387951840.dir/0045_sopclgen  --generate C:/Users/Peter/AppData/Local/Temp/alt5764_2003377416387951840.dir/0045_sopclgen/yysystem.v --quartus_dir="c:/altera/12.1sp1/quartus" --sopc_perl="c:/altera/12.1sp1/quartus/bin/perl" --sopc_lib_path="++c:/altera/12.1sp1/quartus/../ip/altera/sopc_builder_ip+c:/altera/12.1sp1/quartus/../ip/altera/nios2_ip"
No .sopc_builder configuration file(!)
.
# 2013.02.28 16:10:40 (*) Success: sopc_builder finished.
Info: key: "ROVER" instantiated altera_avalon_pio "key"
Info: Starting classic module elaboration.
"c:/altera/12.1sp1/quartus/bin/jre/bin/java.exe" -Xmx512M -classpath "c:/altera/12.1sp1/quartus/sopc_builder/bin/sopc_builder.jar;c:/altera/12.1sp1/quartus/sopc_builder/bin/PinAssigner.jar;c:/altera/12.1sp1/quartus/sopc_builder/bin/sopc_wizard.jar;c:/altera/12.1sp1/quartus/sopc_builder/bin/jptf.jar" sopc_builder.sopc_builder  -d"c:/altera/12.1sp1/quartus/sopc_builder" -notalkback=1 -projectnameyysystem.qpf -projectpathC:/Users/Peter/AppData/Local/Temp/alt5764_2003377416387951840.dir/0046_sopclgen  --no_splash --refresh C:/Users/Peter/AppData/Local/Temp/alt5764_2003377416387951840.dir/0046_sopclgen/yysystem.v --quartus_dir="c:/altera/12.1sp1/quartus" --sopc_perl="c:/altera/12.1sp1/quartus/bin/perl" --sopc_lib_path="++c:/altera/12.1sp1/quartus/../ip/altera/sopc_builder_ip+c:/altera/12.1sp1/quartus/../ip/altera/nios2_ip"
Info: Finished elaborating classic module.
Executing: C:/altera/12.1sp1/quartus//sopc_builder/bin/sopc_builder --classic --generate C:/Users/Peter/AppData/Local/Temp/alt5764_2003377416387951840.dir/0046_sopclgen/yysystem.ptf
Info: Running sopc_builder...
"c:/altera/12.1sp1/quartus/bin/jre/bin/java.exe" -Xmx512M -classpath "c:/altera/12.1sp1/quartus/sopc_builder/bin/sopc_builder.jar;c:/altera/12.1sp1/quartus/sopc_builder/bin/PinAssigner.jar;c:/altera/12.1sp1/quartus/sopc_builder/bin/sopc_wizard.jar;c:/altera/12.1sp1/quartus/sopc_builder/bin/jptf.jar" sopc_builder.sopc_builder  -d"c:/altera/12.1sp1/quartus/sopc_builder" -notalkback=1 -projectnameyysystem.qpf -projectpathC:/Users/Peter/AppData/Local/Temp/alt5764_2003377416387951840.dir/0046_sopclgen  --generate C:/Users/Peter/AppData/Local/Temp/alt5764_2003377416387951840.dir/0046_sopclgen/yysystem.v --quartus_dir="c:/altera/12.1sp1/quartus" --sopc_perl="c:/altera/12.1sp1/quartus/bin/perl" --sopc_lib_path="++c:/altera/12.1sp1/quartus/../ip/altera/sopc_builder_ip+c:/altera/12.1sp1/quartus/../ip/altera/nios2_ip"
No .sopc_builder configuration file(!)
.
# 2013.02.28 16:10:46 (*) Success: sopc_builder finished.
Info: sw: "ROVER" instantiated altera_avalon_pio "sw"
Info: Starting classic module elaboration.
"c:/altera/12.1sp1/quartus/bin/jre/bin/java.exe" -Xmx512M -classpath "c:/altera/12.1sp1/quartus/sopc_builder/bin/sopc_builder.jar;c:/altera/12.1sp1/quartus/sopc_builder/bin/PinAssigner.jar;c:/altera/12.1sp1/quartus/sopc_builder/bin/sopc_wizard.jar;c:/altera/12.1sp1/quartus/sopc_builder/bin/jptf.jar" sopc_builder.sopc_builder  -d"c:/altera/12.1sp1/quartus/sopc_builder" -notalkback=1 -projectnameyysystem.qpf -projectpathC:/Users/Peter/AppData/Local/Temp/alt5764_2003377416387951840.dir/0047_sopclgen  --no_splash --refresh C:/Users/Peter/AppData/Local/Temp/alt5764_2003377416387951840.dir/0047_sopclgen/yysystem.v --quartus_dir="c:/altera/12.1sp1/quartus" --sopc_perl="c:/altera/12.1sp1/quartus/bin/perl" --sopc_lib_path="++c:/altera/12.1sp1/quartus/../ip/altera/sopc_builder_ip+c:/altera/12.1sp1/quartus/../ip/altera/nios2_ip"
Info: Finished elaborating classic module.
Executing: C:/altera/12.1sp1/quartus//sopc_builder/bin/sopc_builder --classic --generate C:/Users/Peter/AppData/Local/Temp/alt5764_2003377416387951840.dir/0047_sopclgen/yysystem.ptf
Info: Running sopc_builder...
"c:/altera/12.1sp1/quartus/bin/jre/bin/java.exe" -Xmx512M -classpath "c:/altera/12.1sp1/quartus/sopc_builder/bin/sopc_builder.jar;c:/altera/12.1sp1/quartus/sopc_builder/bin/PinAssigner.jar;c:/altera/12.1sp1/quartus/sopc_builder/bin/sopc_wizard.jar;c:/altera/12.1sp1/quartus/sopc_builder/bin/jptf.jar" sopc_builder.sopc_builder  -d"c:/altera/12.1sp1/quartus/sopc_builder" -notalkback=1 -projectnameyysystem.qpf -projectpathC:/Users/Peter/AppData/Local/Temp/alt5764_2003377416387951840.dir/0047_sopclgen  --generate C:/Users/Peter/AppData/Local/Temp/alt5764_2003377416387951840.dir/0047_sopclgen/yysystem.v --quartus_dir="c:/altera/12.1sp1/quartus" --sopc_perl="c:/altera/12.1sp1/quartus/bin/perl" --sopc_lib_path="++c:/altera/12.1sp1/quartus/../ip/altera/sopc_builder_ip+c:/altera/12.1sp1/quartus/../ip/altera/nios2_ip"
No .sopc_builder configuration file(!)
.
# 2013.02.28 16:10:52 (*) Success: sopc_builder finished.
Info: led: "ROVER" instantiated altera_avalon_pio "led"
Info: Starting classic module elaboration.
"c:/altera/12.1sp1/quartus/bin/jre/bin/java.exe" -Xmx512M -classpath "c:/altera/12.1sp1/quartus/sopc_builder/bin/sopc_builder.jar;c:/altera/12.1sp1/quartus/sopc_builder/bin/PinAssigner.jar;c:/altera/12.1sp1/quartus/sopc_builder/bin/sopc_wizard.jar;c:/altera/12.1sp1/quartus/sopc_builder/bin/jptf.jar" sopc_builder.sopc_builder  -d"c:/altera/12.1sp1/quartus/sopc_builder" -notalkback=1 -projectnameyysystem.qpf -projectpathC:/Users/Peter/AppData/Local/Temp/alt5764_2003377416387951840.dir/0048_sopclgen  --no_splash --refresh C:/Users/Peter/AppData/Local/Temp/alt5764_2003377416387951840.dir/0048_sopclgen/yysystem.v --quartus_dir="c:/altera/12.1sp1/quartus" --sopc_perl="c:/altera/12.1sp1/quartus/bin/perl" --sopc_lib_path="++c:/altera/12.1sp1/quartus/../ip/altera/sopc_builder_ip+c:/altera/12.1sp1/quartus/../ip/altera/nios2_ip"
Info: Finished elaborating classic module.
Executing: C:/altera/12.1sp1/quartus//sopc_builder/bin/sopc_builder --classic --generate C:/Users/Peter/AppData/Local/Temp/alt5764_2003377416387951840.dir/0048_sopclgen/yysystem.ptf
Info: Running sopc_builder...
"c:/altera/12.1sp1/quartus/bin/jre/bin/java.exe" -Xmx512M -classpath "c:/altera/12.1sp1/quartus/sopc_builder/bin/sopc_builder.jar;c:/altera/12.1sp1/quartus/sopc_builder/bin/PinAssigner.jar;c:/altera/12.1sp1/quartus/sopc_builder/bin/sopc_wizard.jar;c:/altera/12.1sp1/quartus/sopc_builder/bin/jptf.jar" sopc_builder.sopc_builder  -d"c:/altera/12.1sp1/quartus/sopc_builder" -notalkback=1 -projectnameyysystem.qpf -projectpathC:/Users/Peter/AppData/Local/Temp/alt5764_2003377416387951840.dir/0048_sopclgen  --generate C:/Users/Peter/AppData/Local/Temp/alt5764_2003377416387951840.dir/0048_sopclgen/yysystem.v --quartus_dir="c:/altera/12.1sp1/quartus" --sopc_perl="c:/altera/12.1sp1/quartus/bin/perl" --sopc_lib_path="++c:/altera/12.1sp1/quartus/../ip/altera/sopc_builder_ip+c:/altera/12.1sp1/quartus/../ip/altera/nios2_ip"
No .sopc_builder configuration file(!)
.
# 2013.02.28 16:10:58 (*) Success: sopc_builder finished.
Info: i2c_scl: "ROVER" instantiated altera_avalon_pio "i2c_scl"
Info: Starting classic module elaboration.
"c:/altera/12.1sp1/quartus/bin/jre/bin/java.exe" -Xmx512M -classpath "c:/altera/12.1sp1/quartus/sopc_builder/bin/sopc_builder.jar;c:/altera/12.1sp1/quartus/sopc_builder/bin/PinAssigner.jar;c:/altera/12.1sp1/quartus/sopc_builder/bin/sopc_wizard.jar;c:/altera/12.1sp1/quartus/sopc_builder/bin/jptf.jar" sopc_builder.sopc_builder  -d"c:/altera/12.1sp1/quartus/sopc_builder" -notalkback=1 -projectnameyysystem.qpf -projectpathC:/Users/Peter/AppData/Local/Temp/alt5764_2003377416387951840.dir/0049_sopclgen  --no_splash --refresh C:/Users/Peter/AppData/Local/Temp/alt5764_2003377416387951840.dir/0049_sopclgen/yysystem.v --quartus_dir="c:/altera/12.1sp1/quartus" --sopc_perl="c:/altera/12.1sp1/quartus/bin/perl" --sopc_lib_path="++c:/altera/12.1sp1/quartus/../ip/altera/sopc_builder_ip+c:/altera/12.1sp1/quartus/../ip/altera/nios2_ip"
Info: Finished elaborating classic module.
Executing: C:/altera/12.1sp1/quartus//sopc_builder/bin/sopc_builder --classic --generate C:/Users/Peter/AppData/Local/Temp/alt5764_2003377416387951840.dir/0049_sopclgen/yysystem.ptf
Info: Running sopc_builder...
"c:/altera/12.1sp1/quartus/bin/jre/bin/java.exe" -Xmx512M -classpath "c:/altera/12.1sp1/quartus/sopc_builder/bin/sopc_builder.jar;c:/altera/12.1sp1/quartus/sopc_builder/bin/PinAssigner.jar;c:/altera/12.1sp1/quartus/sopc_builder/bin/sopc_wizard.jar;c:/altera/12.1sp1/quartus/sopc_builder/bin/jptf.jar" sopc_builder.sopc_builder  -d"c:/altera/12.1sp1/quartus/sopc_builder" -notalkback=1 -projectnameyysystem.qpf -projectpathC:/Users/Peter/AppData/Local/Temp/alt5764_2003377416387951840.dir/0049_sopclgen  --generate C:/Users/Peter/AppData/Local/Temp/alt5764_2003377416387951840.dir/0049_sopclgen/yysystem.v --quartus_dir="c:/altera/12.1sp1/quartus" --sopc_perl="c:/altera/12.1sp1/quartus/bin/perl" --sopc_lib_path="++c:/altera/12.1sp1/quartus/../ip/altera/sopc_builder_ip+c:/altera/12.1sp1/quartus/../ip/altera/nios2_ip"
No .sopc_builder configuration file(!)
.
# 2013.02.28 16:11:04 (*) Success: sopc_builder finished.
Info: i2c_sda: "ROVER" instantiated altera_avalon_pio "i2c_sda"
Info: Starting classic module elaboration.
"c:/altera/12.1sp1/quartus/bin/jre/bin/java.exe" -Xmx512M -classpath "c:/altera/12.1sp1/quartus/sopc_builder/bin/sopc_builder.jar;c:/altera/12.1sp1/quartus/sopc_builder/bin/PinAssigner.jar;c:/altera/12.1sp1/quartus/sopc_builder/bin/sopc_wizard.jar;c:/altera/12.1sp1/quartus/sopc_builder/bin/jptf.jar" sopc_builder.sopc_builder  -d"c:/altera/12.1sp1/quartus/sopc_builder" -notalkback=1 -projectnameyysystem.qpf -projectpathC:/Users/Peter/AppData/Local/Temp/alt5764_2003377416387951840.dir/0050_sopclgen  --no_splash --refresh C:/Users/Peter/AppData/Local/Temp/alt5764_2003377416387951840.dir/0050_sopclgen/yysystem.v --quartus_dir="c:/altera/12.1sp1/quartus" --sopc_perl="c:/altera/12.1sp1/quartus/bin/perl" --sopc_lib_path="++c:/altera/12.1sp1/quartus/../ip/altera/sopc_builder_ip+c:/altera/12.1sp1/quartus/../ip/altera/nios2_ip"
Info: Finished elaborating classic module.
Executing: C:/altera/12.1sp1/quartus//sopc_builder/bin/sopc_builder --classic --generate C:/Users/Peter/AppData/Local/Temp/alt5764_2003377416387951840.dir/0050_sopclgen/yysystem.ptf
Info: Running sopc_builder...
"c:/altera/12.1sp1/quartus/bin/jre/bin/java.exe" -Xmx512M -classpath "c:/altera/12.1sp1/quartus/sopc_builder/bin/sopc_builder.jar;c:/altera/12.1sp1/quartus/sopc_builder/bin/PinAssigner.jar;c:/altera/12.1sp1/quartus/sopc_builder/bin/sopc_wizard.jar;c:/altera/12.1sp1/quartus/sopc_builder/bin/jptf.jar" sopc_builder.sopc_builder  -d"c:/altera/12.1sp1/quartus/sopc_builder" -notalkback=1 -projectnameyysystem.qpf -projectpathC:/Users/Peter/AppData/Local/Temp/alt5764_2003377416387951840.dir/0050_sopclgen  --generate C:/Users/Peter/AppData/Local/Temp/alt5764_2003377416387951840.dir/0050_sopclgen/yysystem.v --quartus_dir="c:/altera/12.1sp1/quartus" --sopc_perl="c:/altera/12.1sp1/quartus/bin/perl" --sopc_lib_path="++c:/altera/12.1sp1/quartus/../ip/altera/sopc_builder_ip+c:/altera/12.1sp1/quartus/../ip/altera/nios2_ip"
No .sopc_builder configuration file(!)
.
.
# 2013.02.28 16:11:10 (*) Running Test Generator Program for ROVER_sdram
# 2013.02.28 16:11:11 (*) Success: sopc_builder finished.
Info: sdram: "ROVER" instantiated altera_avalon_new_sdram_controller "sdram"
Info: altpll_sys: "ROVER" instantiated altpll "altpll_sys"
Info: Starting classic module elaboration.
"c:/altera/12.1sp1/quartus/bin/jre/bin/java.exe" -Xmx512M -classpath "c:/altera/12.1sp1/quartus/sopc_builder/bin/sopc_builder.jar;c:/altera/12.1sp1/quartus/sopc_builder/bin/PinAssigner.jar;c:/altera/12.1sp1/quartus/sopc_builder/bin/sopc_wizard.jar;c:/altera/12.1sp1/quartus/sopc_builder/bin/jptf.jar" sopc_builder.sopc_builder  -d"c:/altera/12.1sp1/quartus/sopc_builder" -notalkback=1 -projectnameyysystem.qpf -projectpathC:/Users/Peter/AppData/Local/Temp/alt5764_2003377416387951840.dir/0053_sopclgen  --no_splash --refresh C:/Users/Peter/AppData/Local/Temp/alt5764_2003377416387951840.dir/0053_sopclgen/yysystem.v --quartus_dir="c:/altera/12.1sp1/quartus" --sopc_perl="c:/altera/12.1sp1/quartus/bin/perl" --sopc_lib_path="++c:/altera/12.1sp1/quartus/../ip/altera/sopc_builder_ip+c:/altera/12.1sp1/quartus/../ip/altera/nios2_ip"
Info: Finished elaborating classic module.
Executing: C:/altera/12.1sp1/quartus//sopc_builder/bin/sopc_builder --classic --generate C:/Users/Peter/AppData/Local/Temp/alt5764_2003377416387951840.dir/0053_sopclgen/yysystem.ptf
Info: Running sopc_builder...
"c:/altera/12.1sp1/quartus/bin/jre/bin/java.exe" -Xmx512M -classpath "c:/altera/12.1sp1/quartus/sopc_builder/bin/sopc_builder.jar;c:/altera/12.1sp1/quartus/sopc_builder/bin/PinAssigner.jar;c:/altera/12.1sp1/quartus/sopc_builder/bin/sopc_wizard.jar;c:/altera/12.1sp1/quartus/sopc_builder/bin/jptf.jar" sopc_builder.sopc_builder  -d"c:/altera/12.1sp1/quartus/sopc_builder" -notalkback=1 -projectnameyysystem.qpf -projectpathC:/Users/Peter/AppData/Local/Temp/alt5764_2003377416387951840.dir/0053_sopclgen  --generate C:/Users/Peter/AppData/Local/Temp/alt5764_2003377416387951840.dir/0053_sopclgen/yysystem.v --quartus_dir="c:/altera/12.1sp1/quartus" --sopc_perl="c:/altera/12.1sp1/quartus/bin/perl" --sopc_lib_path="++c:/altera/12.1sp1/quartus/../ip/altera/sopc_builder_ip+c:/altera/12.1sp1/quartus/../ip/altera/nios2_ip"
No .sopc_builder configuration file(!)
.
# 2013.02.28 16:11:18 (*) Success: sopc_builder finished.
Info: g_sensor_int: "ROVER" instantiated altera_avalon_pio "g_sensor_int"
Info: Starting classic module elaboration.
"c:/altera/12.1sp1/quartus/bin/jre/bin/java.exe" -Xmx512M -classpath "c:/altera/12.1sp1/quartus/sopc_builder/bin/sopc_builder.jar;c:/altera/12.1sp1/quartus/sopc_builder/bin/PinAssigner.jar;c:/altera/12.1sp1/quartus/sopc_builder/bin/sopc_wizard.jar;c:/altera/12.1sp1/quartus/sopc_builder/bin/jptf.jar" sopc_builder.sopc_builder  -d"c:/altera/12.1sp1/quartus/sopc_builder" -notalkback=1 -projectnameyysystem.qpf -projectpathC:/Users/Peter/AppData/Local/Temp/alt5764_2003377416387951840.dir/0054_sopclgen  --no_splash --refresh C:/Users/Peter/AppData/Local/Temp/alt5764_2003377416387951840.dir/0054_sopclgen/yysystem.v --quartus_dir="c:/altera/12.1sp1/quartus" --sopc_perl="c:/altera/12.1sp1/quartus/bin/perl" --sopc_lib_path="++c:/altera/12.1sp1/quartus/../ip/altera/sopc_builder_ip+c:/altera/12.1sp1/quartus/../ip/altera/nios2_ip"
Info: Finished elaborating classic module.
Executing: C:/altera/12.1sp1/quartus//sopc_builder/bin/sopc_builder --classic --generate C:/Users/Peter/AppData/Local/Temp/alt5764_2003377416387951840.dir/0054_sopclgen/yysystem.ptf
Info: Running sopc_builder...
"c:/altera/12.1sp1/quartus/bin/jre/bin/java.exe" -Xmx512M -classpath "c:/altera/12.1sp1/quartus/sopc_builder/bin/sopc_builder.jar;c:/altera/12.1sp1/quartus/sopc_builder/bin/PinAssigner.jar;c:/altera/12.1sp1/quartus/sopc_builder/bin/sopc_wizard.jar;c:/altera/12.1sp1/quartus/sopc_builder/bin/jptf.jar" sopc_builder.sopc_builder  -d"c:/altera/12.1sp1/quartus/sopc_builder" -notalkback=1 -projectnameyysystem.qpf -projectpathC:/Users/Peter/AppData/Local/Temp/alt5764_2003377416387951840.dir/0054_sopclgen  --generate C:/Users/Peter/AppData/Local/Temp/alt5764_2003377416387951840.dir/0054_sopclgen/yysystem.v --quartus_dir="c:/altera/12.1sp1/quartus" --sopc_perl="c:/altera/12.1sp1/quartus/bin/perl" --sopc_lib_path="++c:/altera/12.1sp1/quartus/../ip/altera/sopc_builder_ip+c:/altera/12.1sp1/quartus/../ip/altera/nios2_ip"
No .sopc_builder configuration file(!)
.
# 2013.02.28 16:11:25 (*) Success: sopc_builder finished.
Info: epcs: "ROVER" instantiated altera_avalon_epcs_flash_controller "epcs"
Info: Starting classic module elaboration.
"c:/altera/12.1sp1/quartus/bin/jre/bin/java.exe" -Xmx512M -classpath "c:/altera/12.1sp1/quartus/sopc_builder/bin/sopc_builder.jar;c:/altera/12.1sp1/quartus/sopc_builder/bin/PinAssigner.jar;c:/altera/12.1sp1/quartus/sopc_builder/bin/sopc_wizard.jar;c:/altera/12.1sp1/quartus/sopc_builder/bin/jptf.jar" sopc_builder.sopc_builder  -d"c:/altera/12.1sp1/quartus/sopc_builder" -notalkback=1 -projectnameyysystem.qpf -projectpathC:/Users/Peter/AppData/Local/Temp/alt5764_2003377416387951840.dir/0055_sopclgen  --no_splash --refresh C:/Users/Peter/AppData/Local/Temp/alt5764_2003377416387951840.dir/0055_sopclgen/yysystem.v --quartus_dir="c:/altera/12.1sp1/quartus" --sopc_perl="c:/altera/12.1sp1/quartus/bin/perl" --sopc_lib_path="++c:/altera/12.1sp1/quartus/../ip/altera/sopc_builder_ip+c:/altera/12.1sp1/quartus/../ip/altera/nios2_ip"
Info: Finished elaborating classic module.
Executing: C:/altera/12.1sp1/quartus//sopc_builder/bin/sopc_builder --classic --generate C:/Users/Peter/AppData/Local/Temp/alt5764_2003377416387951840.dir/0055_sopclgen/yysystem.ptf
Info: Running sopc_builder...
"c:/altera/12.1sp1/quartus/bin/jre/bin/java.exe" -Xmx512M -classpath "c:/altera/12.1sp1/quartus/sopc_builder/bin/sopc_builder.jar;c:/altera/12.1sp1/quartus/sopc_builder/bin/PinAssigner.jar;c:/altera/12.1sp1/quartus/sopc_builder/bin/sopc_wizard.jar;c:/altera/12.1sp1/quartus/sopc_builder/bin/jptf.jar" sopc_builder.sopc_builder  -d"c:/altera/12.1sp1/quartus/sopc_builder" -notalkback=1 -projectnameyysystem.qpf -projectpathC:/Users/Peter/AppData/Local/Temp/alt5764_2003377416387951840.dir/0055_sopclgen  --generate C:/Users/Peter/AppData/Local/Temp/alt5764_2003377416387951840.dir/0055_sopclgen/yysystem.v --quartus_dir="c:/altera/12.1sp1/quartus" --sopc_perl="c:/altera/12.1sp1/quartus/bin/perl" --sopc_lib_path="++c:/altera/12.1sp1/quartus/../ip/altera/sopc_builder_ip+c:/altera/12.1sp1/quartus/../ip/altera/nios2_ip"
No .sopc_builder configuration file(!)
.
# 2013.02.28 16:11:31 (*) Success: sopc_builder finished.
Info: jtag_uart: "ROVER" instantiated altera_avalon_jtag_uart "jtag_uart"
Info: adc_spi_read: "ROVER" instantiated TERASIC_ADC_READ "adc_spi_read"
Info: Starting classic module elaboration.
"c:/altera/12.1sp1/quartus/bin/jre/bin/java.exe" -Xmx512M -classpath "c:/altera/12.1sp1/quartus/sopc_builder/bin/sopc_builder.jar;c:/altera/12.1sp1/quartus/sopc_builder/bin/PinAssigner.jar;c:/altera/12.1sp1/quartus/sopc_builder/bin/sopc_wizard.jar;c:/altera/12.1sp1/quartus/sopc_builder/bin/jptf.jar" sopc_builder.sopc_builder  -d"c:/altera/12.1sp1/quartus/sopc_builder" -notalkback=1 -projectnameyysystem.qpf -projectpathC:/Users/Peter/AppData/Local/Temp/alt5764_2003377416387951840.dir/0057_sopclgen  --no_splash --refresh C:/Users/Peter/AppData/Local/Temp/alt5764_2003377416387951840.dir/0057_sopclgen/yysystem.v --quartus_dir="c:/altera/12.1sp1/quartus" --sopc_perl="c:/altera/12.1sp1/quartus/bin/perl" --sopc_lib_path="++c:/altera/12.1sp1/quartus/../ip/altera/sopc_builder_ip+c:/altera/12.1sp1/quartus/../ip/altera/nios2_ip"
Info: Finished elaborating classic module.
Executing: C:/altera/12.1sp1/quartus//sopc_builder/bin/sopc_builder --classic --generate C:/Users/Peter/AppData/Local/Temp/alt5764_2003377416387951840.dir/0057_sopclgen/yysystem.ptf
Info: Running sopc_builder...
"c:/altera/12.1sp1/quartus/bin/jre/bin/java.exe" -Xmx512M -classpath "c:/altera/12.1sp1/quartus/sopc_builder/bin/sopc_builder.jar;c:/altera/12.1sp1/quartus/sopc_builder/bin/PinAssigner.jar;c:/altera/12.1sp1/quartus/sopc_builder/bin/sopc_wizard.jar;c:/altera/12.1sp1/quartus/sopc_builder/bin/jptf.jar" sopc_builder.sopc_builder  -d"c:/altera/12.1sp1/quartus/sopc_builder" -notalkback=1 -projectnameyysystem.qpf -projectpathC:/Users/Peter/AppData/Local/Temp/alt5764_2003377416387951840.dir/0057_sopclgen  --generate C:/Users/Peter/AppData/Local/Temp/alt5764_2003377416387951840.dir/0057_sopclgen/yysystem.v --quartus_dir="c:/altera/12.1sp1/quartus" --sopc_perl="c:/altera/12.1sp1/quartus/bin/perl" --sopc_lib_path="++c:/altera/12.1sp1/quartus/../ip/altera/sopc_builder_ip+c:/altera/12.1sp1/quartus/../ip/altera/nios2_ip"
No .sopc_builder configuration file(!)
.
# 2013.02.28 16:11:37 (*) Success: sopc_builder finished.
Info: select_i2c_clk: "ROVER" instantiated altera_avalon_pio "select_i2c_clk"
Info: clock_crossing_io: "ROVER" instantiated altera_avalon_mm_clock_crossing_bridge "clock_crossing_io"
Info: cpu: Starting RTL generation for module 'ROVER_cpu'
Info: cpu:   Generation command is [exec C:/altera/12.1sp1/quartus/../ip/altera/nios2_ip/altera_nios2/eperl.exe -I C:/altera/12.1sp1/quartus/common/ip/altera/common/perl/5.8.3 -I C:/altera/12.1sp1/quartus/sopc_builder/bin/europa -I C:/altera/12.1sp1/quartus/sopc_builder/bin/perl_lib -I C:/altera/12.1sp1/quartus/sopc_builder/bin -I C:/altera/12.1sp1/quartus/../ip/altera/nios2_ip/altera_nios2/cpu_lib -I C:/altera/12.1sp1/quartus/../ip/altera/nios2_ip/altera_nios2/nios_lib -I C:/altera/12.1sp1/quartus/../ip/altera/nios2_ip/altera_nios2 -I C:/altera/12.1sp1/quartus/../ip/altera/nios2_ip/altera_nios2 -- C:/altera/12.1sp1/quartus/../ip/altera/nios2_ip/altera_nios2/generate_rtl.epl --name=ROVER_cpu --dir=C:/Users/Peter/AppData/Local/Temp/alt5764_2003377416387951840.dir/0058_cpu_gen/ --quartus_dir=C:/altera/12.1sp1/quartus --verilog --config=C:/Users/Peter/AppData/Local/Temp/alt5764_2003377416387951840.dir/0058_cpu_gen//ROVER_cpu_processor_configuration.pl  --do_build_sim=0    --bogus  ]
Info: cpu: # 2013.02.28 16:11:39 (*) Starting Nios II generation
Info: cpu: # 2013.02.28 16:11:39 (*)   Checking for plaintext license.
Info: cpu: # 2013.02.28 16:11:40 (*)   Couldn't query license setup in Quartus directory C:/altera/12.1sp1/quartus
Info: cpu: # 2013.02.28 16:11:40 (*)   Defaulting to contents of LM_LICENSE_FILE environment variable
Info: cpu: # 2013.02.28 16:11:40 (*)   LM_LICENSE_FILE environment variable is empty
Info: cpu: # 2013.02.28 16:11:40 (*)   Plaintext license not found.
Info: cpu: # 2013.02.28 16:11:40 (*)   Checking for encrypted license (non-evaluation).
Info: cpu: # 2013.02.28 16:11:40 (*)   Couldn't query license setup in Quartus directory C:/altera/12.1sp1/quartus
Info: cpu: # 2013.02.28 16:11:40 (*)   Defaulting to contents of LM_LICENSE_FILE environment variable
Info: cpu: # 2013.02.28 16:11:40 (*)   LM_LICENSE_FILE environment variable is empty
Info: cpu: # 2013.02.28 16:11:40 (*)   Encrypted license not found.  Defaulting to OCP evaluation license (produces a time-limited SOF)
Info: cpu: # 2013.02.28 16:11:40 (*)   Elaborating CPU configuration settings
Info: cpu: # 2013.02.28 16:11:40 (*)   Creating all objects for CPU
Info: cpu: # 2013.02.28 16:11:40 (*)     Testbench
Info: cpu: # 2013.02.28 16:11:40 (*)     Instruction decoding
Info: cpu: # 2013.02.28 16:11:40 (*)       Instruction fields
Info: cpu: # 2013.02.28 16:11:41 (*)       Instruction decodes
Info: cpu: # 2013.02.28 16:11:41 (*)       Signals for RTL simulation waveforms
Info: cpu: # 2013.02.28 16:11:41 (*)       Instruction controls
Info: cpu: # 2013.02.28 16:11:41 (*)     Pipeline frontend
Info: cpu: # 2013.02.28 16:11:41 (*)     Pipeline backend
Info: cpu: # 2013.02.28 16:11:44 (*)   Generating RTL from CPU objects
Info: cpu: # 2013.02.28 16:11:49 (*)   Creating encrypted RTL
Info: cpu: # 2013.02.28 16:11:50 (*) Done Nios II generation
Info: cpu: Done RTL generation for module 'ROVER_cpu'
Info: cpu: "ROVER" instantiated altera_nios2_qsys "cpu"
Info: sysid: "ROVER" instantiated altera_avalon_sysid_qsys "sysid"
Info: compass: Starting Generation of Parallel Port
Info: compass: "ROVER" instantiated altera_up_avalon_parallel_port "compass"
Info: cpu_instruction_master_translator: "ROVER" instantiated altera_merlin_master_translator "cpu_instruction_master_translator"
Info: cpu_jtag_debug_module_translator: "ROVER" instantiated altera_merlin_slave_translator "cpu_jtag_debug_module_translator"
Info: cpu_instruction_master_translator_avalon_universal_master_0_agent: "ROVER" instantiated altera_merlin_master_agent "cpu_instruction_master_translator_avalon_universal_master_0_agent"
Info: cpu_jtag_debug_module_translator_avalon_universal_slave_0_agent: "ROVER" instantiated altera_merlin_slave_agent "cpu_jtag_debug_module_translator_avalon_universal_slave_0_agent"
Info: cpu_jtag_debug_module_translator_avalon_universal_slave_0_agent_rsp_fifo: "ROVER" instantiated altera_avalon_sc_fifo "cpu_jtag_debug_module_translator_avalon_universal_slave_0_agent_rsp_fifo"
Info: addr_router: "ROVER" instantiated altera_merlin_router "addr_router"
Info: addr_router_001: "ROVER" instantiated altera_merlin_router "addr_router_001"
Info: id_router: "ROVER" instantiated altera_merlin_router "id_router"
Info: id_router_001: "ROVER" instantiated altera_merlin_router "id_router_001"
Info: id_router_002: "ROVER" instantiated altera_merlin_router "id_router_002"
Info: addr_router_002: "ROVER" instantiated altera_merlin_router "addr_router_002"
Info: id_router_007: "ROVER" instantiated altera_merlin_router "id_router_007"
Info: addr_router_003: "ROVER" instantiated altera_merlin_router "addr_router_003"
Info: id_router_014: "ROVER" instantiated altera_merlin_router "id_router_014"
Info: limiter: "ROVER" instantiated altera_merlin_traffic_limiter "limiter"
Info: burst_adapter: "ROVER" instantiated altera_merlin_burst_adapter "burst_adapter"
Info: rst_controller: "ROVER" instantiated altera_reset_controller "rst_controller"
Info: cmd_xbar_demux: "ROVER" instantiated altera_merlin_demultiplexer "cmd_xbar_demux"
Info: cmd_xbar_demux_001: "ROVER" instantiated altera_merlin_demultiplexer "cmd_xbar_demux_001"
Info: cmd_xbar_mux: "ROVER" instantiated altera_merlin_multiplexer "cmd_xbar_mux"
Info: rsp_xbar_demux: "ROVER" instantiated altera_merlin_demultiplexer "rsp_xbar_demux"
Info: rsp_xbar_demux_002: "ROVER" instantiated altera_merlin_demultiplexer "rsp_xbar_demux_002"
Info: rsp_xbar_mux: "ROVER" instantiated altera_merlin_multiplexer "rsp_xbar_mux"
Info: Reusing file C:/Users/Peter/Desktop/DE0/Demonstration/DE0_Nano_SOPC_DEMO/ROVER/synthesis/submodules/altera_merlin_arbitrator.sv
Info: rsp_xbar_mux_001: "ROVER" instantiated altera_merlin_multiplexer "rsp_xbar_mux_001"
Info: Reusing file C:/Users/Peter/Desktop/DE0/Demonstration/DE0_Nano_SOPC_DEMO/ROVER/synthesis/submodules/altera_merlin_arbitrator.sv
Info: cmd_xbar_demux_002: "ROVER" instantiated altera_merlin_demultiplexer "cmd_xbar_demux_002"
Info: rsp_xbar_demux_007: "ROVER" instantiated altera_merlin_demultiplexer "rsp_xbar_demux_007"
Info: rsp_xbar_mux_002: "ROVER" instantiated altera_merlin_multiplexer "rsp_xbar_mux_002"
Info: Reusing file C:/Users/Peter/Desktop/DE0/Demonstration/DE0_Nano_SOPC_DEMO/ROVER/synthesis/submodules/altera_merlin_arbitrator.sv
Info: cmd_xbar_demux_003: "ROVER" instantiated altera_merlin_demultiplexer "cmd_xbar_demux_003"
Info: rsp_xbar_demux_014: "ROVER" instantiated altera_merlin_demultiplexer "rsp_xbar_demux_014"
Info: rsp_xbar_mux_003: "ROVER" instantiated altera_merlin_multiplexer "rsp_xbar_mux_003"
Info: Reusing file C:/Users/Peter/Desktop/DE0/Demonstration/DE0_Nano_SOPC_DEMO/ROVER/synthesis/submodules/altera_merlin_arbitrator.sv
Info: width_adapter: "ROVER" instantiated altera_merlin_width_adapter "width_adapter"
Info: Reusing file C:/Users/Peter/Desktop/DE0/Demonstration/DE0_Nano_SOPC_DEMO/ROVER/synthesis/submodules/altera_merlin_burst_uncompressor.sv
Info: Reusing file C:/Users/Peter/Desktop/DE0/Demonstration/DE0_Nano_SOPC_DEMO/ROVER/synthesis/submodules/altera_merlin_address_alignment.sv
Info: crosser: "ROVER" instantiated altera_avalon_st_handshake_clock_crosser "crosser"
Info: Reusing file C:/Users/Peter/Desktop/DE0/Demonstration/DE0_Nano_SOPC_DEMO/ROVER/synthesis/submodules/altera_avalon_st_pipeline_base.v
Info: irq_mapper: "ROVER" instantiated altera_irq_mapper "irq_mapper"
Info: irq_synchronizer: "ROVER" instantiated altera_irq_clock_crosser "irq_synchronizer"
Info: ROVER: Done ROVER" with 52 modules, 218 files, 3899974 bytes
Info: ip-generate succeeded.
Info: Finished: Create HDL design files for synthesis
